<?xml version="1.0" encoding="UTF-8"?>
<!-- Generated by org.testng.reporters.JUnitReportReporter -->
<testsuite hostname="LAPTOP-3UOIG6JH" failures="0" tests="1" name="DSA.user_input" time="22.617" errors="0" timestamp="2024-07-20T12:43:48 IST" skipped="0">
  <testcase classname="DSA.user_input" name="Getting_User_Input" time="22.617"/>
</testsuite> <!-- DSA.user_input -->
