<?xml version="1.0" encoding="UTF-8"?>
<!-- Generated by org.testng.reporters.JUnitReportReporter -->
<testsuite hostname="LAPTOP-3UOIG6JH" failures="0" tests="1" name="Testcases.MyinfoPage" time="82.618" errors="0" timestamp="2024-06-01T22:22:02 IST" skipped="0">
  <testcase classname="Testcases.MyinfoPage" name="addMyinfoPage" time="82.618"/>
</testsuite> <!-- Testcases.MyinfoPage -->
