<?xml version="1.0" encoding="UTF-8"?>
<!-- Generated by org.testng.reporters.JUnitReportReporter -->
<testsuite hostname="LAPTOP-JIKUU8DJ" failures="0" tests="1" name="Testcases.BuzzPage" time="13.632" errors="0" timestamp="2024-06-10T23:59:13 IST" skipped="0">
  <testcase classname="Testcases.BuzzPage" name="Shearpost" time="13.632"/>
</testsuite> <!-- Testcases.BuzzPage -->
