<?xml version="1.0" encoding="UTF-8"?>
<!-- Generated by org.testng.reporters.JUnitReportReporter -->
<testsuite hostname="LAPTOP-3UOIG6JH" failures="0" tests="1" name="Testcases.ClaimPage" time="27.610" errors="0" timestamp="2024-03-10T13:08:44 IST" skipped="0">
  <testcase classname="Testcases.ClaimPage" name="AddClaim" time="27.610"/>
  <system-out/>
</testsuite> <!-- Testcases.ClaimPage -->
