<?xml version="1.0" encoding="UTF-8"?>
<!-- Generated by org.testng.reporters.JUnitReportReporter -->
<testsuite hostname="LAPTOP-3UOIG6JH" failures="0" tests="1" name="Testcases.Loginpage" time="19.357" errors="0" timestamp="2024-12-18T11:28:42 IST" skipped="0">
  <testcase classname="Testcases.Loginpage" name="LoginOperation" time="19.357"/>
</testsuite> <!-- Testcases.Loginpage -->
