<?xml version="1.0" encoding="UTF-8"?>
<!-- Generated by org.testng.reporters.JUnitReportReporter -->
<testsuite hostname="LAPTOP-3UOIG6JH" failures="0" tests="1" name="DSA.Table" time="11.104" errors="0" timestamp="2024-07-20T17:49:48 IST" skipped="0">
  <testcase classname="DSA.Table" name="Table2" time="11.104"/>
</testsuite> <!-- DSA.Table -->
