<?xml version="1.0" encoding="UTF-8"?>
<!-- Generated by org.testng.reporters.JUnitReportReporter -->
<testsuite hostname="LAPTOP-3UOIG6JH" failures="0" tests="2" name="Testcases.Loginpage" time="148.050" errors="0" timestamp="2024-06-17T21:54:03 IST" skipped="0">
  <testcase classname="Testcases.Loginpage" name="LoginOperation" time="22.508"/>
  <testcase classname="Testcases.Loginpage" name="Invaild_Login" time="125.542"/>
</testsuite> <!-- Testcases.Loginpage -->
