<?xml version="1.0" encoding="UTF-8"?>
<!-- Generated by org.testng.reporters.JUnitReportReporter -->
<testsuite hostname="LAPTOP-3UOIG6JH" failures="0" tests="1" name="Testcases.PIMPage_Employee_List" time="34.841" errors="0" timestamp="2024-05-21T21:14:24 IST" skipped="0">
  <testcase classname="Testcases.PIMPage_Employee_List" name="addq" time="34.841"/>
</testsuite> <!-- Testcases.PIMPage_Employee_List -->
