<?xml version="1.0" encoding="UTF-8"?>
<!-- Generated by org.testng.reporters.JUnitReportReporter -->
<testsuite hostname="LAPTOP-3UOIG6JH" failures="0" tests="1" name="DSA.d" time="46.011" errors="0" timestamp="2024-09-09T15:33:37 IST" skipped="0">
  <testcase classname="DSA.d" name="captureScreenShot" time="46.011"/>
</testsuite> <!-- DSA.d -->
