<?xml version="1.0" encoding="UTF-8"?>
<!-- Generated by org.testng.reporters.JUnitReportReporter -->
<testsuite hostname="LAPTOP-3UOIG6JH" failures="0" tests="1" name="DSA.reverse" time="6.878" errors="0" timestamp="2024-07-20T19:00:03 IST" skipped="0">
  <testcase classname="DSA.reverse" name="reverseNumber" time="6.878"/>
</testsuite> <!-- DSA.reverse -->
