<?xml version="1.0" encoding="UTF-8"?>
<!-- Generated by org.testng.reporters.JUnitReportReporter -->
<testsuite hostname="LAPTOP-3UOIG6JH" failures="0" tests="1" name="Testcases.Baseclass" time="3.535" errors="0" timestamp="2024-03-02T19:32:08 IST" skipped="0">
  <testcase classname="Testcases.Baseclass" name="SetUp" time="3.535"/>
  <system-out/>
</testsuite> <!-- Testcases.Baseclass -->
