<?xml version="1.0" encoding="UTF-8"?>
<!-- Generated by org.testng.reporters.JUnitReportReporter -->
<testsuite hostname="LAPTOP-JIKUU8DJ" failures="0" tests="2" name="Testcases.BuzzPage" time="36.218" errors="0" timestamp="2024-06-12T22:58:30 IST" skipped="0">
  <testcase classname="Testcases.BuzzPage" name="Shearpost" time="19.688"/>
  <testcase classname="Testcases.BuzzPage" name="View_Most_Liked_Post" time="16.530"/>
</testsuite> <!-- Testcases.BuzzPage -->
