<?xml version="1.0" encoding="UTF-8"?>
<!-- Generated by org.testng.reporters.JUnitReportReporter -->
<testsuite hostname="LAPTOP-3UOIG6JH" failures="0" tests="2" name="Testcases.Loginpage" time="151.963" errors="0" timestamp="2024-06-09T13:40:50 IST" skipped="0">
  <testcase classname="Testcases.Loginpage" name="LoginOperation" time="29.584"/>
  <testcase classname="Testcases.Loginpage" name="Invaild_Login" time="122.379"/>
</testsuite> <!-- Testcases.Loginpage -->
