<?xml version="1.0" encoding="UTF-8"?>
<!-- Generated by org.testng.reporters.JUnitReportReporter -->
<testsuite hostname="LAPTOP-3UOIG6JH" failures="0" tests="1" name="Testcases.Loginpage" time="18.986" errors="0" timestamp="2024-09-05T16:48:27 IST" skipped="0">
  <testcase classname="Testcases.Loginpage" name="LoginOperation" time="18.986"/>
</testsuite> <!-- Testcases.Loginpage -->
