<?xml version="1.0" encoding="UTF-8"?>
<!-- Generated by org.testng.reporters.JUnitReportReporter -->
<testsuite hostname="LAPTOP-3UOIG6JH" failures="0" tests="1" name="DSA.Calculator" time="16.698" errors="0" timestamp="2024-07-20T17:27:20 IST" skipped="0">
  <testcase classname="DSA.Calculator" name="calculator_userInput" time="16.698"/>
</testsuite> <!-- DSA.Calculator -->
