<?xml version="1.0" encoding="UTF-8"?>
<!-- Generated by org.testng.reporters.JUnitReportReporter -->
<testsuite hostname="LAPTOP-3UOIG6JH" failures="0" tests="5" name="Testcases.class3" time="146.351" errors="0" timestamp="2024-06-03T22:32:28 IST" skipped="0">
  <testcase classname="Testcases.class3" name="add_photo" time="29.804"/>
  <testcase classname="Testcases.class3" name="add_photo1" time="27.104"/>
  <testcase classname="Testcases.class3" name="add_photo2" time="22.930"/>
  <testcase classname="Testcases.class3" name="add_photo5" time="40.324"/>
  <testcase classname="Testcases.class3" name="add_photo4" time="26.189"/>
</testsuite> <!-- Testcases.class3 -->
