<?xml version="1.0" encoding="UTF-8"?>
<!-- Generated by org.testng.reporters.JUnitReportReporter -->
<testsuite hostname="LAPTOP-3UOIG6JH" failures="0" tests="1" name="DSA.factorial" time="18.681" errors="0" timestamp="2024-07-20T18:03:05 IST" skipped="0">
  <testcase classname="DSA.factorial" name="factorial_Number" time="18.681"/>
</testsuite> <!-- DSA.factorial -->
