<?xml version="1.0" encoding="UTF-8"?>
<!-- Generated by org.testng.reporters.JUnitReportReporter -->
<testsuite hostname="LAPTOP-3UOIG6JH" failures="0" tests="2" name="Testcases.Loginpage" time="152.463" errors="0" timestamp="2024-06-03T22:21:53 IST" skipped="0">
  <testcase classname="Testcases.Loginpage" name="LoginOperation" time="15.834"/>
  <testcase classname="Testcases.Loginpage" name="Invaild_Login" time="136.629"/>
</testsuite> <!-- Testcases.Loginpage -->
