<?xml version="1.0" encoding="UTF-8"?>
<!-- Generated by org.testng.reporters.JUnitReportReporter -->
<testsuite hostname="LAPTOP-3UOIG6JH" failures="0" tests="5" name="Testcases.class3" time="119.275" errors="0" timestamp="2024-06-09T17:08:48 IST" skipped="0">
  <testcase classname="Testcases.class3" name="add_photo4" time="25.273"/>
  <testcase classname="Testcases.class3" name="add_photo1" time="23.214"/>
  <testcase classname="Testcases.class3" name="add_photo" time="22.811"/>
  <testcase classname="Testcases.class3" name="add_photo2" time="23.712"/>
  <testcase classname="Testcases.class3" name="add_photo5" time="24.265"/>
</testsuite> <!-- Testcases.class3 -->
