<?xml version="1.0" encoding="UTF-8"?>
<!-- Generated by org.testng.reporters.JUnitReportReporter -->
<testsuite hostname="LAPTOP-3UOIG6JH" failures="0" tests="1" name="Testcases.TimePage" time="29.095" errors="0" timestamp="2024-12-17T20:30:35 IST" skipped="0">
  <testcase classname="Testcases.TimePage" name="e" time="29.095"/>
</testsuite> <!-- Testcases.TimePage -->
