<?xml version="1.0" encoding="UTF-8"?>
<!-- Generated by org.testng.reporters.JUnitReportReporter -->
<testsuite hostname="LAPTOP-3UOIG6JH" failures="0" tests="2" name="Testcases.Loginpage" time="145.594" errors="0" timestamp="2024-06-27T21:33:04 IST" skipped="0">
  <testcase classname="Testcases.Loginpage" name="LoginOperation" time="23.186"/>
  <testcase classname="Testcases.Loginpage" name="Invaild_Login" time="122.408"/>
</testsuite> <!-- Testcases.Loginpage -->
