<?xml version="1.0" encoding="UTF-8"?>
<!-- Generated by org.testng.reporters.JUnitReportReporter -->
<testsuite hostname="LAPTOP-3UOIG6JH" failures="0" tests="1" name="DSA.StarPatter" time="0.010" errors="0" timestamp="2024-08-02T22:24:29 IST" skipped="0">
  <testcase classname="DSA.StarPatter" name="Stat3" time="0.010"/>
</testsuite> <!-- DSA.StarPatter -->
