<?xml version="1.0" encoding="UTF-8"?>
<!-- Generated by org.testng.reporters.JUnitReportReporter -->
<testsuite hostname="LAPTOP-3UOIG6JH" failures="0" tests="1" name="Testcases.Admin_User_Management" time="39.399" errors="0" timestamp="2024-12-17T20:30:35 IST" skipped="0">
  <testcase classname="Testcases.Admin_User_Management" name="System_Users" time="39.399"/>
</testsuite> <!-- Testcases.Admin_User_Management -->
