<?xml version="1.0" encoding="UTF-8"?>
<!-- Generated by org.testng.reporters.JUnitReportReporter -->
<testsuite hostname="LAPTOP-3UOIG6JH" failures="0" tests="1" name="DSA.Two_number_swap" time="0.010" errors="0" timestamp="2024-07-24T20:07:09 IST" skipped="0">
  <testcase classname="DSA.Two_number_swap" name="Two_number_swap2" time="0.010"/>
</testsuite> <!-- DSA.Two_number_swap -->
