<?xml version="1.0" encoding="UTF-8"?>
<!-- Generated by org.testng.reporters.JUnitReportReporter -->
<testsuite hostname="LAPTOP-3UOIG6JH" failures="0" tests="2" name="Testcases.BuzzPage" time="57.081" errors="0" timestamp="2024-12-17T20:30:35 IST" skipped="0">
  <testcase classname="Testcases.BuzzPage" name="View_Most_Liked_Post" time="18.462"/>
  <testcase classname="Testcases.BuzzPage" name="Shearpost" time="38.619"/>
</testsuite> <!-- Testcases.BuzzPage -->
