<?xml version="1.0" encoding="UTF-8"?>
<!-- Generated by org.testng.reporters.JUnitReportReporter -->
<testsuite hostname="LAPTOP-3UOIG6JH" failures="0" tests="5" name="Testcases.class3" time="138.117" errors="0" timestamp="2024-12-17T21:08:30 IST" skipped="0">
  <testcase classname="Testcases.class3" name="add_photo1" time="22.014"/>
  <testcase classname="Testcases.class3" name="add_photo4" time="41.761"/>
  <testcase classname="Testcases.class3" name="add_photo" time="28.803"/>
  <testcase classname="Testcases.class3" name="add_photo5" time="24.523"/>
  <testcase classname="Testcases.class3" name="add_photo2" time="21.016"/>
</testsuite> <!-- Testcases.class3 -->
