<?xml version="1.0" encoding="UTF-8"?>
<!-- Generated by org.testng.reporters.JUnitReportReporter -->
<testsuite hostname="LAPTOP-3UOIG6JH" failures="0" tests="5" name="Testcases.class3" time="146.167" errors="0" timestamp="2024-06-08T12:19:46 IST" skipped="0">
  <testcase classname="Testcases.class3" name="add_photo5" time="28.943"/>
  <testcase classname="Testcases.class3" name="add_photo" time="29.901"/>
  <testcase classname="Testcases.class3" name="add_photo2" time="30.318"/>
  <testcase classname="Testcases.class3" name="add_photo4" time="25.038"/>
  <testcase classname="Testcases.class3" name="add_photo1" time="31.967"/>
</testsuite> <!-- Testcases.class3 -->
