<?xml version="1.0" encoding="UTF-8"?>
<!-- Generated by org.testng.reporters.JUnitReportReporter -->
<testsuite hostname="LAPTOP-3UOIG6JH" failures="0" tests="2" name="Testcases.Loginpage" time="137.494" errors="0" timestamp="2024-06-08T17:09:08 IST" skipped="0">
  <testcase classname="Testcases.Loginpage" name="LoginOperation" time="16.150"/>
  <testcase classname="Testcases.Loginpage" name="Invaild_Login" time="121.344"/>
</testsuite> <!-- Testcases.Loginpage -->
