<?xml version="1.0" encoding="UTF-8"?>
<!-- Generated by org.testng.reporters.JUnitReportReporter -->
<testsuite hostname="LAPTOP-3UOIG6JH" failures="0" tests="1" name="Testcases.Baseclass" time="0.016" errors="0" timestamp="2024-07-26T11:14:44 IST" skipped="0">
  <testcase classname="Testcases.Baseclass" name="getreportfilename" time="0.016"/>
</testsuite> <!-- Testcases.Baseclass -->
