<?xml version="1.0" encoding="UTF-8"?>
<!-- Generated by org.testng.reporters.JUnitReportReporter -->
<testsuite hostname="LAPTOP-3UOIG6JH" failures="0" tests="1" name="Testcases.Loginpage" time="40.148" errors="0" timestamp="2025-05-21T18:22:48 IST" skipped="0">
  <testcase classname="Testcases.Loginpage" name="LoginOperation" time="40.148"/>
</testsuite> <!-- Testcases.Loginpage -->
