<?xml version="1.0" encoding="UTF-8"?>
<!-- Generated by org.testng.reporters.JUnitReportReporter -->
<testsuite hostname="LAPTOP-3UOIG6JH" failures="0" tests="1" name="Testcases.Loginpage" time="22.869" errors="0" timestamp="2025-02-16T12:12:20 IST" skipped="0">
  <testcase classname="Testcases.Loginpage" name="LoginOperation" time="22.869"/>
</testsuite> <!-- Testcases.Loginpage -->
