<?xml version="1.0" encoding="UTF-8"?>
<!-- Generated by org.testng.reporters.JUnitReportReporter -->
<testsuite hostname="LAPTOP-3UOIG6JH" failures="0" tests="1" name="Testcases.Loginpage" time="31.753" errors="0" timestamp="2024-12-17T16:34:41 IST" skipped="0">
  <testcase classname="Testcases.Loginpage" name="LoginOperation" time="31.753"/>
</testsuite> <!-- Testcases.Loginpage -->
