<?xml version="1.0" encoding="UTF-8"?>
<!-- Generated by org.testng.reporters.JUnitReportReporter -->
<testsuite hostname="LAPTOP-3UOIG6JH" failures="0" tests="1" name="Testcases.PIMPage" time="23.900" errors="0" timestamp="2024-05-21T22:51:23 IST" skipped="0">
  <testcase classname="Testcases.PIMPage" name="Add_Employee1" time="23.900"/>
</testsuite> <!-- Testcases.PIMPage -->
