<?xml version="1.0" encoding="UTF-8"?>
<!-- Generated by org.testng.reporters.JUnitReportReporter -->
<testsuite hostname="LAPTOP-3UOIG6JH" failures="0" tests="1" name="Testcases.Loginpage" time="18.464" errors="0" timestamp="2025-04-23T22:25:09 IST" skipped="0">
  <testcase classname="Testcases.Loginpage" name="LoginOperation" time="18.464"/>
</testsuite> <!-- Testcases.Loginpage -->
